<?xml version="1.0" encoding="UTF-8"?>
<coverage generated="1701094520489" clover="3.2.0">
  <project timestamp="1701094520489" name="All files">
    <metrics statements="7" coveredstatements="7" conditionals="0" coveredconditionals="0" methods="4" coveredmethods="4" elements="11" coveredelements="11" complexity="0" loc="7" ncloc="7" packages="1" files="2" classes="2"/>
    <file name="pronosticos.js" path="/Users/leonardofiorentino/Desktop/obligatorioFIS/src/domain/pronosticos.js">
      <metrics statements="3" coveredstatements="3" conditionals="0" coveredconditionals="0" methods="2" coveredmethods="2"/>
      <line num="3" count="2" type="stmt"/>
      <line num="8" count="1" type="stmt"/>
      <line num="13" count="1" type="stmt"/>
    </file>
    <file name="usuarios.js" path="/Users/leonardofiorentino/Desktop/obligatorioFIS/src/domain/usuarios.js">
      <metrics statements="4" coveredstatements="4" conditionals="0" coveredconditionals="0" methods="2" coveredmethods="2"/>
      <line num="3" count="2" type="stmt"/>
      <line num="7" count="1" type="stmt"/>
      <line num="13" count="1" type="stmt"/>
      <line num="14" count="1" type="stmt"/>
    </file>
  </project>
</coverage>
