{"/Users/leonardofiorentino/Desktop/obligatorioFIS/src/domain/pronosticos.js": {"path":"/Users/leonardofiorentino/Desktop/obligatorioFIS/src/domain/pronosticos.js","statementMap":{"0":{"start":{"line":3,"column":6},"end":{"line":3,"column":33}},"1":{"start":{"line":8,"column":25},"end":{"line":11,"column":7}},"2":{"start":{"line":13,"column":6},"end":{"line":13,"column":45}}},"fnMap":{"0":{"name":"(anonymous_0)","decl":{"start":{"line":2,"column":2},"end":{"line":2,"column":3}},"loc":{"start":{"line":2,"column":16},"end":{"line":4,"column":3}},"line":2},"1":{"name":"(anonymous_1)","decl":{"start":{"line":7,"column":2},"end":{"line":7,"column":3}},"loc":{"start":{"line":7,"column":48},"end":{"line":14,"column":3}},"line":7}},"branchMap":{},"s":{"0":2,"1":1,"2":1},"f":{"0":2,"1":1},"b":{},"_coverageSchema":"1a1c01bbd47fc00a2c39e90264f33305004495a9","hash":"20f9ece561e9d64fb0c01fd03bf30e349efcdbc1"}
,"/Users/leonardofiorentino/Desktop/obligatorioFIS/src/domain/usuarios.js": {"path":"/Users/leonardofiorentino/Desktop/obligatorioFIS/src/domain/usuarios.js","statementMap":{"0":{"start":{"line":3,"column":8},"end":{"line":3,"column":32}},"1":{"start":{"line":7,"column":29},"end":{"line":11,"column":9}},"2":{"start":{"line":13,"column":8},"end":{"line":13,"column":46}},"3":{"start":{"line":14,"column":8},"end":{"line":14,"column":57}}},"fnMap":{"0":{"name":"(anonymous_0)","decl":{"start":{"line":2,"column":4},"end":{"line":2,"column":5}},"loc":{"start":{"line":2,"column":18},"end":{"line":4,"column":5}},"line":2},"1":{"name":"(anonymous_1)","decl":{"start":{"line":6,"column":4},"end":{"line":6,"column":5}},"loc":{"start":{"line":6,"column":47},"end":{"line":15,"column":5}},"line":6}},"branchMap":{},"s":{"0":2,"1":1,"2":1,"3":1},"f":{"0":2,"1":1},"b":{},"_coverageSchema":"1a1c01bbd47fc00a2c39e90264f33305004495a9","hash":"9cc7775a2f76814647a5ab740ddf3a20a53c87bc"}
}
