{"/Users/leonardofiorentino/Desktop/obligatorioFIS/src/domain/pronostico.js": {"path":"/Users/leonardofiorentino/Desktop/obligatorioFIS/src/domain/pronostico.js","statementMap":{"0":{"start":{"line":3,"column":6},"end":{"line":3,"column":39}},"1":{"start":{"line":4,"column":6},"end":{"line":4,"column":39}}},"fnMap":{"0":{"name":"(anonymous_0)","decl":{"start":{"line":2,"column":2},"end":{"line":2,"column":3}},"loc":{"start":{"line":2,"column":42},"end":{"line":5,"column":3}},"line":2}},"branchMap":{},"s":{"0":1,"1":1},"f":{"0":1},"b":{},"_coverageSchema":"1a1c01bbd47fc00a2c39e90264f33305004495a9","hash":"f6c2d00b66736316e8efd4f26433ebfe986b2b2b"}
,"/Users/leonardofiorentino/Desktop/obligatorioFIS/src/domain/usuario.js": {"path":"/Users/leonardofiorentino/Desktop/obligatorioFIS/src/domain/usuario.js","statementMap":{"0":{"start":{"line":4,"column":8},"end":{"line":4,"column":29}},"1":{"start":{"line":5,"column":8},"end":{"line":5,"column":29}},"2":{"start":{"line":6,"column":8},"end":{"line":6,"column":37}}},"fnMap":{"0":{"name":"(anonymous_0)","decl":{"start":{"line":3,"column":4},"end":{"line":3,"column":5}},"loc":{"start":{"line":3,"column":44},"end":{"line":7,"column":5}},"line":3}},"branchMap":{},"s":{"0":1,"1":1,"2":1},"f":{"0":1},"b":{},"_coverageSchema":"1a1c01bbd47fc00a2c39e90264f33305004495a9","hash":"94c11d7897a2b6cd217d0a13086abc8831a2c023"}
}
